[debug] > Exec(early(addDefaultCommands), None, None)
[debug] > Exec(addDefaultCommands, None, None)
[debug] > Exec(early(initialize), None, None)
[debug] > Exec(initialize, None, None)
[debug] > Exec(boot, None, None)
[debug] > Exec(writeSbtVersion, None, None)
[info] Updated file /home/awannaphasch2016/org/notes/built-tools/sbt/examples/foo-build/project/build.properties: set sbt.version to 1.6.1
[debug] > Exec(reload, None, None)
[debug] > Exec(sbtStashOnFailure, None, None)
[debug] > Exec(onFailure loadFailed, None, None)
[debug] > Exec(loadp, None, None)
[info] welcome to sbt 1.6.1 (Ubuntu Java 11.0.13)
[debug] Load.defaultLoad until apply took 290.0929ms
[debug]           Load.loadUnit: plugins took 78.8278ms
[debug]           Load.loadUnit: defsScala took 0.2316ms
[debug] [Loading] Scanning directory /home/awannaphasch2016/org/notes/built-tools/sbt/examples/foo-build/project
[debug] [Loading] Found non-root projects 
[debug] [Loading] Done in /home/awannaphasch2016/org/notes/built-tools/sbt/examples/foo-build/project, returning: ()
[debug] deducing auto plugins based on known facts Set(Atom(sbt.plugins.CorePlugin)) and clauses Clauses(Clause(Atom(sbt.plugins.JvmPlugin),Set(Atom(sbt.plugins.IvyPlugin)))
[debug] Clause(Atom(sbt.ScriptedPlugin),Set(Atom(sbt.plugins.JvmPlugin)))
[debug] Clause(Atom(sbt.plugins.SbtPlugin),Set(Atom(sbt.ScriptedPlugin)))
[debug] Clause(Atom(sbt.plugins.SemanticdbPlugin),Set(Atom(sbt.plugins.JvmPlugin)))
[debug] Clause(Atom(sbt.plugins.JUnitXmlReportPlugin),Set(Atom(sbt.plugins.JvmPlugin)))
[debug] Clause(Atom(sbt.plugins.MiniDependencyTreePlugin),Set(Atom(sbt.plugins.JvmPlugin)))
[debug] Clause(Atom(sbt.plugins.CorePlugin),Set(Atom(sbt.plugins.IvyPlugin)))
[debug] Clause(Atom(sbt.plugins.IvyPlugin),Set(Atom(sbt.plugins.JvmPlugin)))
[debug] Clause(Atom(sbt.plugins.JvmPlugin),Set(Atom(sbt.plugins.SemanticdbPlugin)))
[debug] Clause(Atom(sbt.plugins.JvmPlugin),Set(Atom(sbt.plugins.JUnitXmlReportPlugin)))
[debug] Clause(Atom(sbt.plugins.CorePlugin),Set(Atom(sbt.plugins.Giter8TemplatePlugin)))
[debug] Clause(Atom(sbt.plugins.JvmPlugin),Set(Atom(sbt.plugins.MiniDependencyTreePlugin))))
[debug]   :: deduced result: Matched(sbt.plugins.CorePlugin,sbt.plugins.Giter8TemplatePlugin,sbt.plugins.IvyPlugin,sbt.plugins.JvmPlugin,sbt.plugins.MiniDependencyTreePlugin,sbt.plugins.JUnitXmlReportPlugin,sbt.plugins.SemanticdbPlugin)
[debug] Plugins.deducer#function took 15.6863 ms
[debug]               Load.resolveProject(foo-build-build) took 40.827ms
[debug]             Load.loadTransitive: finalizeProject(Project(id foo-build-build, base: /home/awannaphasch2016/org/notes/built-tools/sbt/examples/foo-build/project, plugins: List(<none>))) took 78.0515ms
[debug] [Loading] Done in /home/awannaphasch2016/org/notes/built-tools/sbt/examples/foo-build/project, returning: (foo-build-build)
[debug]           Load.loadUnit: loadedProjectsRaw took 98.2502ms
[debug]           Load.loadUnit: cleanEvalClasses took 0.248ms
[debug]         Load.loadUnit(file:/home/awannaphasch2016/org/notes/built-tools/sbt/examples/foo-build/project/, ...) took 182.2528ms
[debug]       Load.apply: load took 328.7321ms
[debug]       Load.apply: resolveProjects took 5.0584ms
[debug]       Load.apply: finalTransforms took 52.8279ms
[debug]       Load.apply: config.delegates took 5.954ms
[debug]       Load.apply: Def.make(settings)... took 343.4508ms
[debug]       Load.apply: structureIndex took 89.864ms
[debug]       Load.apply: mkStreams took 1.276ms
[info] loading project definition from /home/awannaphasch2016/org/notes/built-tools/sbt/examples/foo-build/project
[debug] Running task... Cancel: Signal, check cycles: false, forcegc: true
[debug]     Load.loadUnit: plugins took 2057.5147ms
[debug]     Load.loadUnit: defsScala took 0.0034ms
[debug] [Loading] Scanning directory /home/awannaphasch2016/org/notes/built-tools/sbt/examples/foo-build
[debug]       Load.loadUnit: mkEval took 8.9109ms
[debug] [Loading] Found non-root projects 
[debug] [Loading] Done in /home/awannaphasch2016/org/notes/built-tools/sbt/examples/foo-build, returning: ()
[debug] deducing auto plugins based on known facts Set(Atom(sbt.plugins.CorePlugin)) and clauses Clauses(Clause(Atom(sbt.plugins.JvmPlugin),Set(Atom(sbt.plugins.IvyPlugin)))
[debug] Clause(Atom(sbt.ScriptedPlugin),Set(Atom(sbt.plugins.JvmPlugin)))
[debug] Clause(Atom(sbt.plugins.SbtPlugin),Set(Atom(sbt.ScriptedPlugin)))
[debug] Clause(Atom(sbt.plugins.SemanticdbPlugin),Set(Atom(sbt.plugins.JvmPlugin)))
[debug] Clause(Atom(sbt.plugins.JUnitXmlReportPlugin),Set(Atom(sbt.plugins.JvmPlugin)))
[debug] Clause(Atom(sbt.plugins.MiniDependencyTreePlugin),Set(Atom(sbt.plugins.JvmPlugin)))
[debug] Clause(Atom(sbt.plugins.CorePlugin),Set(Atom(sbt.plugins.IvyPlugin)))
[debug] Clause(Atom(sbt.plugins.IvyPlugin),Set(Atom(sbt.plugins.JvmPlugin)))
[debug] Clause(Atom(sbt.plugins.JvmPlugin),Set(Atom(sbt.plugins.SemanticdbPlugin)))
[debug] Clause(Atom(sbt.plugins.JvmPlugin),Set(Atom(sbt.plugins.JUnitXmlReportPlugin)))
[debug] Clause(Atom(sbt.plugins.CorePlugin),Set(Atom(sbt.plugins.Giter8TemplatePlugin)))
[debug] Clause(Atom(sbt.plugins.JvmPlugin),Set(Atom(sbt.plugins.MiniDependencyTreePlugin))))
[debug]   :: deduced result: Matched(sbt.plugins.CorePlugin,sbt.plugins.Giter8TemplatePlugin,sbt.plugins.IvyPlugin,sbt.plugins.JvmPlugin,sbt.plugins.MiniDependencyTreePlugin,sbt.plugins.JUnitXmlReportPlugin,sbt.plugins.SemanticdbPlugin)
[debug] Plugins.deducer#function took 1.8206 ms
[info] loading settings for project foo-build from build.sbt ...
[debug]         Load.resolveProject(foo-build) took 1.964ms
[debug]       Load.loadTransitive: finalizeProject(Project(id foo-build, base: /home/awannaphasch2016/org/notes/built-tools/sbt/examples/foo-build, plugins: List(<none>))) took 4.2138ms
[debug] [Loading] Done in /home/awannaphasch2016/org/notes/built-tools/sbt/examples/foo-build, returning: (foo-build)
[debug]     Load.loadUnit: loadedProjectsRaw took 38.4356ms
[debug]     Load.loadUnit: cleanEvalClasses took 0.0101ms
[debug]   Load.loadUnit(file:/home/awannaphasch2016/org/notes/built-tools/sbt/examples/foo-build/, ...) took 2097.0661ms
[debug] Load.apply: load took 2113.6914ms
[debug] Load.apply: resolveProjects took 0.1832ms
[debug] Load.apply: finalTransforms took 10.4733ms
[debug] Load.apply: config.delegates took 0.5383ms
[debug] Load.apply: Def.make(settings)... took 84.1796ms
[debug] Load.apply: structureIndex took 24.2332ms
[debug] Load.apply: mkStreams took 0.0031ms
[info] set current project to foo-build (in build file:/home/awannaphasch2016/org/notes/built-tools/sbt/examples/foo-build/)
[debug] > Exec(sbtPopOnFailure, None, None)
[debug] > Exec(resumeFromFailure, None, None)
[debug] > Exec(notifyUsersAboutShell, None, None)
[debug] > Exec(iflast shell, None, None)
[debug] > Exec(shell, None, None)
[info] sbt server started at local:///home/awannaphasch2016/.sbt/1.0/server/e150ceb4f9fa2542998c/sock
[debug] Writing bsp connection file
[info] started sbt server
[info] shutting down sbt server
